<?xml version="1.0" encoding="UTF-8"?>
<testng-results skipped="0" failed="0" ignored="0" total="1" passed="1">
  <reporter-output>
  </reporter-output>
  <suite name="Default suite" duration-ms="29875" started-at="2018-05-01T06:01:11Z" finished-at="2018-05-01T06:01:41Z">
    <groups>
    </groups>
    <test name="Default test" duration-ms="29875" started-at="2018-05-01T06:01:11Z" finished-at="2018-05-01T06:01:41Z">
      <class name="testng.HomePageTest">
        <test-method status="PASS" signature="setup()[pri:0, instance:testng.HomePageTest@5ce81285]" name="setup" is-config="true" duration-ms="24447" started-at="2018-05-01T06:01:11Z" finished-at="2018-05-01T06:01:36Z">
          <reporter-output>
          </reporter-output>
        </test-method> <!-- setup -->
        <test-method status="PASS" signature="verifyHomePageAvailiablity()[pri:0, instance:testng.HomePageTest@5ce81285]" name="verifyHomePageAvailiablity" duration-ms="4454" started-at="2018-05-01T06:01:36Z" finished-at="2018-05-01T06:01:40Z">
          <reporter-output>
          </reporter-output>
        </test-method> <!-- verifyHomePageAvailiablity -->
        <test-method status="PASS" signature="kill()[pri:0, instance:testng.HomePageTest@5ce81285]" name="kill" is-config="true" duration-ms="938" started-at="2018-05-01T06:01:40Z" finished-at="2018-05-01T06:01:41Z">
          <reporter-output>
          </reporter-output>
        </test-method> <!-- kill -->
      </class> <!-- testng.HomePageTest -->
    </test> <!-- Default test -->
  </suite> <!-- Default suite -->
</testng-results>
